Build started 2015-04-12 오후 9:59:30.
     1>Project "C:\김우성\project\linked list\linked list\linked list.vcxproj" on node 2 (build target(s)).
     1>InitializeBuildStatus:
         Creating "Debug\linked list.unsuccessfulbuild" because "AlwaysCreate" was specified.
       ClCompile:
         C:\Program Files (x86)\Microsoft Visual Studio 10.0\VC\bin\CL.exe /c /ZI /nologo /W3 /WX- /Od /Oy- /D _MBCS /Gm /EHsc /RTC1 /MDd /GS /fp:precise /Zc:wchar_t /Zc:forScope /Fo"Debug\\" /Fd"Debug\vc100.pdb" /Gd /TC /analyze- /errorReport:prompt linked_list.c
         linked_list.c
     1>c:\김우성\project\linked list\linked list\linked_list.c(137): warning C4996: 'scanf': This function or variable may be unsafe. Consider using scanf_s instead. To disable deprecation, use _CRT_SECURE_NO_WARNINGS. See online help for details.
                 c:\program files (x86)\microsoft visual studio 10.0\vc\include\stdio.h(304) : see declaration of 'scanf'
     1>c:\김우성\project\linked list\linked list\linked_list.c(142): warning C4996: 'scanf': This function or variable may be unsafe. Consider using scanf_s instead. To disable deprecation, use _CRT_SECURE_NO_WARNINGS. See online help for details.
                 c:\program files (x86)\microsoft visual studio 10.0\vc\include\stdio.h(304) : see declaration of 'scanf'
     1>c:\김우성\project\linked list\linked list\linked_list.c(164): warning C4996: 'scanf': This function or variable may be unsafe. Consider using scanf_s instead. To disable deprecation, use _CRT_SECURE_NO_WARNINGS. See online help for details.
                 c:\program files (x86)\microsoft visual studio 10.0\vc\include\stdio.h(304) : see declaration of 'scanf'
     1>c:\김우성\project\linked list\linked list\linked_list.c(204): warning C4996: 'scanf': This function or variable may be unsafe. Consider using scanf_s instead. To disable deprecation, use _CRT_SECURE_NO_WARNINGS. See online help for details.
                 c:\program files (x86)\microsoft visual studio 10.0\vc\include\stdio.h(304) : see declaration of 'scanf'
     1>c:\김우성\project\linked list\linked list\linked_list.c(239): warning C4996: 'scanf': This function or variable may be unsafe. Consider using scanf_s instead. To disable deprecation, use _CRT_SECURE_NO_WARNINGS. See online help for details.
                 c:\program files (x86)\microsoft visual studio 10.0\vc\include\stdio.h(304) : see declaration of 'scanf'
     1>c:\김우성\project\linked list\linked list\linked_list.c(258): warning C4013: 'getch' undefined; assuming extern returning int
       Link:
         C:\Program Files (x86)\Microsoft Visual Studio 10.0\VC\bin\link.exe /ERRORREPORT:PROMPT /OUT:"C:\김우성\project\linked list\Debug\linked list.exe" /NOLOGO kernel32.lib user32.lib gdi32.lib winspool.lib comdlg32.lib advapi32.lib shell32.lib ole32.lib oleaut32.lib uuid.lib odbc32.lib odbccp32.lib /MANIFEST /ManifestFile:"Debug\linked list.exe.intermediate.manifest" /MANIFESTUAC:"level='asInvoker' uiAccess='false'" /DEBUG /PDB:"C:\김우성\project\linked list\Debug\linked list.pdb" /TLBID:1 /DYNAMICBASE /NXCOMPAT /IMPLIB:"C:\김우성\project\linked list\Debug\linked list.lib" /MACHINE:X86 Debug\linked_list.obj
         LINK : C:\김우성\project\linked list\Debug\linked list.exe not found or not built by the last incremental link; performing full link
         linked list.vcxproj -> C:\김우성\project\linked list\Debug\linked list.exe
       Manifest:
         C:\Program Files (x86)\Microsoft SDKs\Windows\v7.0A\bin\mt.exe /nologo /verbose /outputresource:"C:\김우성\project\linked list\Debug\linked list.exe;#1" /manifest "Debug\linked list.exe.intermediate.manifest"
       FinalizeBuildStatus:
         Deleting file "Debug\linked list.unsuccessfulbuild".
         Touching "Debug\linked list.lastbuildstate".
     1>Done Building Project "C:\김우성\project\linked list\linked list\linked list.vcxproj" (build target(s)).

Build succeeded.

Time Elapsed 00:00:01.06
