


ARM Macro Assembler    Page 1 


    1 00000000                 AREA             myData, DATA
    2 00000000 0000000A 
                       COUNT   EQU              10
    3 00000000 00000000 
                       SUM     EQU              0
    4 00000000         
    5 00000000                 AREA             MYCODE, CODE, READONLY
    6 00000000         
    7 00000000                 ENTRY
    8 00000000                 EXPORT           __main
    9 00000000         
   10 00000000         __main
   11 00000000 F04F 000A       LDR              r0, =COUNT
   12 00000004 F04F 0100       LDR              r1, =SUM
   13 00000008 F04F 0202       LDR              r2,  =2
   14 0000000C         
   15 0000000C         loop
   16 0000000C 4411            ADD              r1, r2, r1
   17 0000000E F102 0201       ADD              r2, r2, #1
   18 00000012 1A84            SUBS             r4, r0, r2
   19 00000014         
   20 00000014 D1FA            BNE              loop
   21 00000016 4411            ADD              r1, r2, r1
   22 00000018         
   23 00000018 E7FE    stop    B                stop
   24 0000001A         
   25 0000001A                 END
Command Line: --debug --xref --cpu=Cortex-M3 --apcs=interwork --depend=clac_sum
.d -oclac_sum.o -IC:\Keil_v460\ARM\RV31\INC -IC:\Keil_v460\ARM\CMSIS\Include -I
C:\Keil_v460\ARM\Inc\ST\STM32F10x --predefine="__MICROLIB SETA 1" --list=clac_s
um.lst clac_sum.s



ARM Macro Assembler    Page 1 Alphabetic symbol ordering
Relocatable symbols

myData 00000000

Symbol: myData
   Definitions
      At line 1 in file clac_sum.s
   Uses
      None
Comment: myData unused
1 symbol



ARM Macro Assembler    Page 1 Alphabetic symbol ordering
Relocatable symbols

MYCODE 00000000

Symbol: MYCODE
   Definitions
      At line 5 in file clac_sum.s
   Uses
      None
Comment: MYCODE unused
__main 00000000

Symbol: __main
   Definitions
      At line 10 in file clac_sum.s
   Uses
      At line 8 in file clac_sum.s
Comment: __main used once
loop 0000000C

Symbol: loop
   Definitions
      At line 15 in file clac_sum.s
   Uses
      At line 20 in file clac_sum.s
Comment: loop used once
stop 00000018

Symbol: stop
   Definitions
      At line 23 in file clac_sum.s
   Uses
      At line 23 in file clac_sum.s
Comment: stop used once
4 symbols



ARM Macro Assembler    Page 1 Alphabetic symbol ordering
Absolute symbols

COUNT 0000000A

Symbol: COUNT
   Definitions
      At line 2 in file clac_sum.s
   Uses
      At line 11 in file clac_sum.s
Comment: COUNT used once
SUM 00000000

Symbol: SUM
   Definitions
      At line 3 in file clac_sum.s
   Uses
      At line 12 in file clac_sum.s
Comment: SUM used once
2 symbols
338 symbols in table
